<?xml version="1.0" encoding="UTF-8"?>
<testsuites name="HomePageTestSuite" time="98" tests="1" failures="0" errors="0">
   <testsuite name="HomePageTestSuite" tests="1" failures="0" errors="0" time="98" timestamp="2019-04-15 15:01:31" hostname="703219448 - 703219448GDL.IND.CORP.AD" id="Test Suites/HomePageTestSuite">
      <properties>
         <property name="deviceName" value=""/>
         <property name="devicePlatform" value=""/>
         <property name="logFolder" value="D:\\Users\\703219448\\Katalon Studio\\ATHOME\\Reports\\HomePageTestSuite\\20190415_150129"/>
         <property name="logFiles" value="D:\\Users\\703219448\\Katalon Studio\\ATHOME\\Reports\\HomePageTestSuite\\20190415_150129\\execution0.log"/>
         <property name="attachments" value=""/>
         <property name="hostName" value="703219448 - 703219448GDL.IND.CORP.AD"/>
         <property name="os" value="Windows 10 64bit"/>
         <property name="katalonVersion" value="5.9.1.2"/>
         <property name="browser" value="Chrome 73.0.3683.103"/>
         <property name="hostAddress" value="10.168.112.67"/>
         <property name="sessionId" value="774ee9efb33febeb730f3a953c2a2c2b"/>
         <property name="seleniumVersion" value="3.7.1"/>
         <property name="proxyInformation" value="ProxyInformation{proxyOption=NO_PROXY, proxyServerType=HTTP, password=, proxyServerAddress=, proxyServerPort=0}"/>
         <property name="platform" value="Windows 10"/>
      </properties>
      <testcase name="Test Cases/HomePageTestCase/GetTextOFDepartmentDropDown" classname="Test Cases/HomePageTestCase/GetTextOFDepartmentDropDown" status="PASSED">
         <system-out><![CDATA[2019-04-15 15:01:31 - [TEST_CASE][PASSED] - Test Cases/HomePageTestCase/GetTextOFDepartmentDropDown: Test Cases/HomePageTestCase/GetTextOFDepartmentDropDown

2019-04-15 15:01:31 - [TEST_STEP][PASSED] - callTestCase(findTestCase("Common TestCase/OpenBrowserNavigateToURL"), [:], STOP_ON_FAILURE): Call Test Case 'Test Cases/Common TestCase/OpenBrowserNavigateToURL' successfully

2019-04-15 15:01:31 - [TEST_CASE][PASSED] - Test Cases/Common TestCase/OpenBrowserNavigateToURL: Test Cases/Common TestCase/OpenBrowserNavigateToURL

2019-04-15 15:01:31 - [TEST_STEP][PASSED] - openBrowser(""): Browser is opened with url: ''

2019-04-15 15:01:32 - [MESSAGE][INFO] - Starting 'Chrome' driver

2019-04-15 15:01:32 - [MESSAGE][INFO] - Action delay is set to 0 seconds

2019-04-15 15:01:35 - [MESSAGE][PASSED] - Browser is opened with url: ''

2019-04-15 15:01:35 - [TEST_STEP][PASSED] - navigateToUrl(URL): Navigate to 'https://www.athome.com' successfully

2019-04-15 15:02:21 - [MESSAGE][PASSED] - Navigate to 'https://www.athome.com' successfully

2019-04-15 15:02:21 - [TEST_STEP][PASSED] - maximizeWindow(): Current window maximized

2019-04-15 15:02:22 - [MESSAGE][PASSED] - Current window maximized

2019-04-15 15:02:22 - [MESSAGE][PASSED] - Call Test Case 'Test Cases/Common TestCase/OpenBrowserNavigateToURL' successfully

2019-04-15 15:02:22 - [TEST_STEP][PASSED] - delay(2): Delayed 2 second(s)

2019-04-15 15:02:24 - [MESSAGE][PASSED] - Delayed 2 second(s)

2019-04-15 15:02:24 - [TEST_STEP][PASSED] - waitForElementPresent(findTestObject("RowDropDown/DepartmentDropDown"), 2): Object 'Object Repository/RowDropDown/DepartmentDropDown' is present

2019-04-15 15:02:24 - [MESSAGE][PASSED] - Object 'Object Repository/RowDropDown/DepartmentDropDown' is present

2019-04-15 15:02:24 - [TEST_STEP][PASSED] - click(findTestObject("RowDropDown/DepartmentDropDown")): Object: 'Object Repository/RowDropDown/DepartmentDropDown' is clicked on

2019-04-15 15:03:03 - [MESSAGE][PASSED] - Object: 'Object Repository/RowDropDown/DepartmentDropDown' is clicked on

2019-04-15 15:03:03 - [TEST_STEP][PASSED] - delay(5): Delayed 5 second(s)

2019-04-15 15:03:08 - [MESSAGE][PASSED] - Delayed 5 second(s)

2019-04-15 15:03:08 - [TEST_STEP][PASSED] - mouseOver(findTestObject("RowDropDown/DepartmentDropDown")): Object: 'Object Repository/RowDropDown/DepartmentDropDown' is hovered

2019-04-15 15:03:08 - [MESSAGE][PASSED] - Object: 'Object Repository/RowDropDown/DepartmentDropDown' is hovered

2019-04-15 15:03:08 - [TEST_STEP][PASSED] - webDriver = getWebDriver(): null

2019-04-15 15:03:08 - [TEST_STEP][PASSED] - elements = webDriver.findElements(By.xpath("//li[@id='furniture']/../li/a")): null

2019-04-15 15:03:08 - [TEST_STEP][PASSED] - for (org.openqa.selenium.WebElement element : elements): null

2019-04-15 15:03:08 - [TEST_STEP][PASSED] - out.println(element.getText()): null

2019-04-15 15:03:08 - [TEST_STEP][PASSED] - out.println(element.getText()): null

2019-04-15 15:03:08 - [TEST_STEP][PASSED] - out.println(element.getText()): null

2019-04-15 15:03:08 - [TEST_STEP][PASSED] - out.println(element.getText()): null

2019-04-15 15:03:08 - [TEST_STEP][PASSED] - out.println(element.getText()): null

2019-04-15 15:03:08 - [TEST_STEP][PASSED] - out.println(element.getText()): null

2019-04-15 15:03:08 - [TEST_STEP][PASSED] - out.println(element.getText()): null

2019-04-15 15:03:08 - [TEST_STEP][PASSED] - out.println(element.getText()): null

2019-04-15 15:03:08 - [TEST_STEP][PASSED] - out.println(element.getText()): null

2019-04-15 15:03:08 - [TEST_STEP][PASSED] - out.println(element.getText()): null

2019-04-15 15:03:08 - [TEST_STEP][PASSED] - out.println(element.getText()): null

2019-04-15 15:03:08 - [TEST_STEP][PASSED] - out.println(element.getText()): null]]></system-out>
         <system-err><![CDATA[]]></system-err>
      </testcase>
      <system-out><![CDATA[2019-04-15 15:01:31 - [TEST_SUITE][PASSED] - HomePageTestSuite: Test Cases/HomePageTestCase/GetTextOFDepartmentDropDown]]></system-out>
      <system-err><![CDATA[]]></system-err>
   </testsuite>
</testsuites>
